2017-08-23 10:06:25,611  INFO AbstractContextLoader:242 - Could not detect default resource locations for test class [com.didispace.ApplicationTests]: no resource found for suffixes {-context.xml, Context.groovy}.
2017-08-23 10:06:25,626  INFO DefaultTestContextBootstrapper:259 - Loaded default TestExecutionListener class names from location [META-INF/spring.factories]: [org.springframework.test.context.web.ServletTestExecutionListener, org.springframework.test.context.support.DirtiesContextBeforeModesTestExecutionListener, org.springframework.test.context.support.DependencyInjectionTestExecutionListener, org.springframework.test.context.support.DirtiesContextTestExecutionListener, org.springframework.test.context.transaction.TransactionalTestExecutionListener, org.springframework.test.context.jdbc.SqlScriptsTestExecutionListener]
2017-08-23 10:06:25,632  INFO DefaultTestContextBootstrapper:207 - Could not instantiate TestExecutionListener [org.springframework.test.context.transaction.TransactionalTestExecutionListener]. Specify custom listener classes or make the default listener classes (and their required dependencies) available. Offending class: [org/springframework/transaction/interceptor/TransactionAttributeSource]
2017-08-23 10:06:25,633  INFO DefaultTestContextBootstrapper:207 - Could not instantiate TestExecutionListener [org.springframework.test.context.web.ServletTestExecutionListener]. Specify custom listener classes or make the default listener classes (and their required dependencies) available. Offending class: [javax/servlet/ServletContext]
2017-08-23 10:06:25,635  INFO DefaultTestContextBootstrapper:207 - Could not instantiate TestExecutionListener [org.springframework.test.context.jdbc.SqlScriptsTestExecutionListener]. Specify custom listener classes or make the default listener classes (and their required dependencies) available. Offending class: [org/springframework/transaction/interceptor/TransactionAttribute]
2017-08-23 10:06:25,636  INFO DefaultTestContextBootstrapper:185 - Using TestExecutionListeners: [org.springframework.test.context.support.DirtiesContextBeforeModesTestExecutionListener@1c62251, org.springframework.test.context.support.DependencyInjectionTestExecutionListener@6fa38a, org.springframework.test.context.support.DirtiesContextTestExecutionListener@a3ffec]
2017-08-23 10:06:25,645  INFO AbstractContextLoader:242 - Could not detect default resource locations for test class [com.didispace.ApplicationTests]: no resource found for suffixes {-context.xml, Context.groovy}.
2017-08-23 10:06:25,647  INFO DefaultTestContextBootstrapper:259 - Loaded default TestExecutionListener class names from location [META-INF/spring.factories]: [org.springframework.test.context.web.ServletTestExecutionListener, org.springframework.test.context.support.DirtiesContextBeforeModesTestExecutionListener, org.springframework.test.context.support.DependencyInjectionTestExecutionListener, org.springframework.test.context.support.DirtiesContextTestExecutionListener, org.springframework.test.context.transaction.TransactionalTestExecutionListener, org.springframework.test.context.jdbc.SqlScriptsTestExecutionListener]
2017-08-23 10:06:25,648  INFO DefaultTestContextBootstrapper:207 - Could not instantiate TestExecutionListener [org.springframework.test.context.transaction.TransactionalTestExecutionListener]. Specify custom listener classes or make the default listener classes (and their required dependencies) available. Offending class: [org/springframework/transaction/interceptor/TransactionAttributeSource]
2017-08-23 10:06:25,649  INFO DefaultTestContextBootstrapper:207 - Could not instantiate TestExecutionListener [org.springframework.test.context.web.ServletTestExecutionListener]. Specify custom listener classes or make the default listener classes (and their required dependencies) available. Offending class: [javax/servlet/ServletContext]
2017-08-23 10:06:25,649  INFO DefaultTestContextBootstrapper:207 - Could not instantiate TestExecutionListener [org.springframework.test.context.jdbc.SqlScriptsTestExecutionListener]. Specify custom listener classes or make the default listener classes (and their required dependencies) available. Offending class: [org/springframework/transaction/interceptor/TransactionAttribute]
2017-08-23 10:06:25,650  INFO DefaultTestContextBootstrapper:185 - Using TestExecutionListeners: [org.springframework.test.context.support.DirtiesContextBeforeModesTestExecutionListener@6ba0ac, org.springframework.test.context.support.DependencyInjectionTestExecutionListener@1fa3a9d, org.springframework.test.context.support.DirtiesContextTestExecutionListener@ebc39e]
2017-08-23 10:06:25,989  INFO ApplicationTests:48 - Starting ApplicationTests on libiidev8543-PC with PID 6284 (C:\Users\libiidev8543\Downloads\didispace-SpringBoot-Learning-master\SpringBoot-Learning\Chapter4-2-2\target\test-classes started by libiidev8543 in C:\Users\libiidev8543\Downloads\didispace-SpringBoot-Learning-master\SpringBoot-Learning\Chapter4-2-2)
2017-08-23 10:06:25,989 DEBUG ApplicationTests:51 - Running with Spring Boot v1.3.2.RELEASE, Spring v4.2.4.RELEASE
2017-08-23 10:06:25,990  INFO ApplicationTests:666 - No active profile set, falling back to default profiles: default
2017-08-23 10:06:26,031  INFO AnnotationConfigApplicationContext:578 - Refreshing org.springframework.context.annotation.AnnotationConfigApplicationContext@1e547da: startup date [Wed Aug 23 10:06:26 CST 2017]; root of context hierarchy
2017-08-23 10:06:26,616  INFO ApplicationTests:57 - Started ApplicationTests in 0.885 seconds (JVM running for 1.433)
2017-08-23 10:06:26,623  INFO ApplicationTests:18 - Êä³öinfo
2017-08-23 10:06:26,623 DEBUG ApplicationTests:19 - Êä³ödebug
2017-08-23 10:06:26,624 ERROR ApplicationTests:20 - Êä³öerror
2017-08-23 10:06:26,627  INFO AnnotationConfigApplicationContext:960 - Closing org.springframework.context.annotation.AnnotationConfigApplicationContext@1e547da: startup date [Wed Aug 23 10:06:26 CST 2017]; root of context hierarchy
2017-08-23 10:14:00,831  INFO AbstractContextLoader:242 - Could not detect default resource locations for test class [com.didispace.ApplicationTests]: no resource found for suffixes {-context.xml, Context.groovy}.
2017-08-23 10:14:00,850  INFO DefaultTestContextBootstrapper:259 - Loaded default TestExecutionListener class names from location [META-INF/spring.factories]: [org.springframework.test.context.web.ServletTestExecutionListener, org.springframework.test.context.support.DirtiesContextBeforeModesTestExecutionListener, org.springframework.test.context.support.DependencyInjectionTestExecutionListener, org.springframework.test.context.support.DirtiesContextTestExecutionListener, org.springframework.test.context.transaction.TransactionalTestExecutionListener, org.springframework.test.context.jdbc.SqlScriptsTestExecutionListener]
2017-08-23 10:14:00,858  INFO DefaultTestContextBootstrapper:207 - Could not instantiate TestExecutionListener [org.springframework.test.context.web.ServletTestExecutionListener]. Specify custom listener classes or make the default listener classes (and their required dependencies) available. Offending class: [javax/servlet/ServletContext]
2017-08-23 10:14:00,859  INFO DefaultTestContextBootstrapper:207 - Could not instantiate TestExecutionListener [org.springframework.test.context.transaction.TransactionalTestExecutionListener]. Specify custom listener classes or make the default listener classes (and their required dependencies) available. Offending class: [org/springframework/transaction/interceptor/TransactionAttributeSource]
2017-08-23 10:14:00,861  INFO DefaultTestContextBootstrapper:207 - Could not instantiate TestExecutionListener [org.springframework.test.context.jdbc.SqlScriptsTestExecutionListener]. Specify custom listener classes or make the default listener classes (and their required dependencies) available. Offending class: [org/springframework/transaction/interceptor/TransactionAttribute]
2017-08-23 10:14:00,864  INFO DefaultTestContextBootstrapper:185 - Using TestExecutionListeners: [org.springframework.test.context.support.DirtiesContextBeforeModesTestExecutionListener@e6e9c3, org.springframework.test.context.support.DependencyInjectionTestExecutionListener@56dfcb, org.springframework.test.context.support.DirtiesContextTestExecutionListener@174b225]
2017-08-23 10:14:01,283  INFO ApplicationTests:48 - Starting ApplicationTests on libiidev8543-PC with PID 7272 (C:\Users\libiidev8543\Downloads\didispace-SpringBoot-Learning-master\SpringBoot-Learning\Chapter4-2-2\target\test-classes started by libiidev8543 in C:\Users\libiidev8543\Downloads\didispace-SpringBoot-Learning-master\SpringBoot-Learning\Chapter4-2-2)
2017-08-23 10:14:01,284 DEBUG ApplicationTests:51 - Running with Spring Boot v1.3.2.RELEASE, Spring v4.2.4.RELEASE
2017-08-23 10:14:01,285  INFO ApplicationTests:666 - No active profile set, falling back to default profiles: default
2017-08-23 10:14:01,336  INFO AnnotationConfigApplicationContext:578 - Refreshing org.springframework.context.annotation.AnnotationConfigApplicationContext@17632c9: startup date [Wed Aug 23 10:14:01 CST 2017]; root of context hierarchy
2017-08-23 10:14:02,085  INFO ApplicationTests:57 - Started ApplicationTests in 1.101 seconds (JVM running for 1.831)
2017-08-23 10:14:02,093  INFO ApplicationTests:18 - è¾“å‡ºinfo
2017-08-23 10:14:02,093 DEBUG ApplicationTests:19 - è¾“å‡ºdebug
2017-08-23 10:14:02,094 ERROR ApplicationTests:20 - è¾“å‡ºerror
2017-08-23 10:14:02,097  INFO AnnotationConfigApplicationContext:960 - Closing org.springframework.context.annotation.AnnotationConfigApplicationContext@17632c9: startup date [Wed Aug 23 10:14:01 CST 2017]; root of context hierarchy
